|SourceProjectName:AHFHO.hpr
|DestinationProjectName:index.htm
index_hha.hhk
index.hhc
index.hhk
Chungloai.htm
Donvidoluong.htm
Kenhbanhang.htm
Modau.htm
Nhanhang.htm
Sanpham.htm
Thongtinsanpham.htm
Vungmien.htm
template\Azure_Blue\usersettings.js
index.glo
Chungloai.css
Donvidoluong.css
Nhanhang.css
Sanpham.css
Thongtinsanpham.css
Modau.css
Kenhbanhang.css
Vungmien.css
template\Azure_Blue\layout-rtl.css
template\Azure_Blue\layout.css
template\Azure_Blue\toc_link_mobile_ltr.png
template\Azure_Blue\search_mobile_navigation.png
Donvidoluong_files\image018.png
template\Azure_Blue\next_active.png
template\Azure_Blue\search_desktop_navigation.png
template\Azure_Blue\previous_tab.png
template\Azure_Blue\next_mobile.png
template\Azure_Blue\idx_topic.png
Vungmien_files\image014.jpg
Vungmien_files\image013.png
Vungmien_files\image011.png
Vungmien_files\image010.png
Vungmien_files\image009.png
Vungmien_files\image007.png
Vungmien_files\image005.png
Modau_files\image019.png
Modau_files\image017.png
Modau_files\image016.png
Modau_files\image014.png
Modau_files\image013.png
Modau_files\image012.png
Modau_files\image011.png
Modau_files\image010.png
Nhanhang_files\image017.png
Nhanhang_files\image016.png
Nhanhang_files\image015.png
Nhanhang_files\image013.png
Nhanhang_files\image012.png
Nhanhang_files\image010.png
Nhanhang_files\image009.png
Nhanhang_files\image007.png
Nhanhang_files\image005.png
Donvidoluong_files\image019.png
Donvidoluong_files\image009.png
template\Azure_Blue\slider_open_ltr.png
template\Azure_Blue\toc_link_desktop_ltr.png
template\Azure_Blue\slider_open_rtl.png
template\Azure_Blue\glossary_desktop.png
template\Azure_Blue\filter_tab.png
template\Azure_Blue\next_mobile_active.png
template\Azure_Blue\filter_mobile_applied.png
template\Azure_Blue\filter_mark.png
template\Azure_Blue\toc_link_desktop_rtl.png
template\Azure_Blue\toc_book_closed_mobile.png
template\Azure_Blue\remove-active.png
template\Azure_Blue\remove.png
template\Azure_Blue\social_close_rtl.png
Donvidoluong_files\image016.png
template\Azure_Blue\previous_active.png
template\Azure_Blue\previous_mobile.png
template\Azure_Blue\preview\functionbar-mobile.png
Donvidoluong_files\image017.png
Donvidoluong_files\image007.png
template\Azure_Blue\filter_tab_applied.png
template\Azure_Blue\andsearch_mark.png
template\Azure_Blue\preview\glossary.png
template\Azure_Blue\previous.png
template\Azure_Blue\index_mobile.png
template\Azure_Blue\menu.png
template\Azure_Blue\filter_mark_radio.png
template\Azure_Blue\search_desktop.png
Donvidoluong_files\image015.png
Donvidoluong_files\image005.png
Chungloai_files\image018.jpg
Chungloai_files\image010.jpg
template\Azure_Blue\social_close_ltr.png
template\Azure_Blue\next_tab_active.png
template\Azure_Blue\toc_mobile.png
template\Azure_Blue\filter_mobile.png
template\Azure_Blue\filter_nomark.png
template\Azure_Blue\toc_book_open_desktop.png
template\Azure_Blue\toc_book_open_mobile.png
template\Azure_Blue\loading.gif
template\Azure_Blue\toc_topic_mobile.png
template\Azure_Blue\preview\toc-desktop.png
template\Azure_Blue\preview\search-mobile.png
template\Azure_Blue\preview\sidebar-tablet.png
template\Azure_Blue\preview\layout-media-queries.png
Donvidoluong_files\image012.png
Chungloai_files\image020.png
Chungloai_files\image017.png
Chungloai_files\image015.png
Chungloai_files\image014.png
Chungloai_files\image012.png
Chungloai_files\image009.png
Chungloai_files\image007.png
Chungloai_files\image005.png
template\Azure_Blue\slider_ltr.png
template\Azure_Blue\slider_rtl.png
template\Azure_Blue\filter_desktop_applied.png
template\Azure_Blue\glossary_tab.png
template\Azure_Blue\previous_tab_active.png
template\Azure_Blue\toc_link_mobile_rtl.png
template\Azure_Blue\preview\filter-mobile.png
template\Azure_Blue\preview\sidebar-desktop.png
Modau_files\image009.png
Modau_files\image008.png
Modau_files\image007.png
Modau_files\image006.png
Modau_files\image005.png
template\Azure_Blue\back_mobile_ltr.png
template\Azure_Blue\top.png
template\Azure_Blue\search_tab.png
template\Azure_Blue\index_tab.png
template\Azure_Blue\back_mobile_rtl.png
template\Azure_Blue\preview\user-settings.png
Sanpham_files\image005.png
Donvidoluong_files\image010.jpg
template\Azure_Blue\filter_desktop.png
template\Azure_Blue\previous_mobile_active.png
template\Azure_Blue\social_open.png
template\Azure_Blue\filter_nomark_radio.png
template\Azure_Blue\preview\filter.png
template\Azure_Blue\search_desktop_active.png
template\Azure_Blue\index_desktop.png
template\Azure_Blue\next_tab.png
template\Azure_Blue\preview\social.png
template\Azure_Blue\preview\search.png
template\Azure_Blue\toc_tab.png
template\Azure_Blue\andsearch_nomark.png
template\Azure_Blue\search_mobile.png
template\Azure_Blue\glossary_mobile.png
template\Azure_Blue\toc_book_closed_desktop.png
template\Azure_Blue\preview\functionbar-tablet.png
template\Azure_Blue\preview\functionbar-desktop.png
Kenhbanhang_files\image014.png
Kenhbanhang_files\image013.png
Kenhbanhang_files\image011.png
Kenhbanhang_files\image010.png
Kenhbanhang_files\image009.png
Kenhbanhang_files\image007.png
Kenhbanhang_files\image005.png
template\Azure_Blue\toc_desktop.png
template\Azure_Blue\search_mobile_active.png
template\Azure_Blue\logo.png
template\Azure_Blue\toc_topic_desktop.png
template\Azure_Blue\preview\toc-mobile.png
Thongtinsanpham_files\image010.jpg
template\Azure_Blue\search_topic_desktop.png
template\Azure_Blue\print_desktop.png
template\Azure_Blue\next.png
template\Azure_Blue\toc_book_open_drildown.png
template\Azure_Blue\preview\index.png
template\Azure_Blue\preview\content.png
template\Azure_Blue\preview\header.png
Thongtinsanpham_files\image016.png
Thongtinsanpham_files\image015.png
Thongtinsanpham_files\image013.png
Thongtinsanpham_files\image012.png
Thongtinsanpham_files\image009.png
Thongtinsanpham_files\image007.png
Thongtinsanpham_files\image005.png
template\Azure_Blue\back_mobile_filter.png
template\Azure_Blue\filter_clearall.png
template\Azure_Blue\preview\sidebar-mobile.png
index.ppf
RoboHHRE.lng
ehlpdhtm.js
index.htm
SearchOptions.xml
whxdata\toc2.js
whxdata\toc2.new.js
whxdata\toc3.js
whxdata\toc3.new.js
whxdata\toc1.js
whxdata\toc1.new.js
whxdata\toc.js
whxdata\toc.new.js
whxdata\idx.js
whxdata\idx.new.js
whxdata\glo.js
whxdata\glo.new.js
whxdata\package_0_xml.js
whxdata\package_1_xml.js
whxdata\package_2_xml.js
whxdata\packageindex_xml.js
whxdata\synonym.xml
whxdata\synonym_xml.js
whxdata\topictable_0_xml.js
whxdata\topictableindex_xml.js
whxdata\whfts.xml
whxdata\whfts_xml.js
whxdata\csh.js
whxdata\window.js
projectdata.js
